#
# There is insufficient memory for the Java Runtime Environment to continue.
# Native memory allocation (malloc) failed to allocate 1048576 bytes for AllocateHeap
# Possible reasons:
#   The system is out of physical RAM or swap space
#   The process is running with CompressedOops enabled, and the Java Heap may be blocking the growth of the native heap
# Possible solutions:
#   Reduce memory load on the system
#   Increase physical memory or swap space
#   Check if swap backing store is full
#   Decrease Java heap size (-Xmx/-Xms)
#   Decrease number of Java threads
#   Decrease Java thread stack sizes (-Xss)
#   Set larger code cache with -XX:ReservedCodeCacheSize=
#   JVM is running with Zero Based Compressed Oops mode in which the Java heap is
#     placed in the first 32GB address space. The Java Heap base address is the
#     maximum limit for the native heap growth. Please use -XX:HeapBaseMinAddress
#     to set the Java Heap base and to place the Java Heap above 32GB virtual address.
# This output file may be truncated or incomplete.
#
#  Out of Memory Error (memory/allocation.inline.hpp:61), pid=11580, tid=0x0000000000003240
#
# JRE version:  (8.0_261-b12) (build )
# Java VM: Java HotSpot(TM) 64-Bit Server VM (25.261-b12 mixed mode windows-amd64 compressed oops)
# Failed to write core dump. Minidumps are not enabled by default on client versions of Windows
#

---------------  T H R E A D  ---------------

Current thread (0x00000000004c6000):  JavaThread "Unknown thread" [_thread_in_vm, id=12864, stack(0x0000000002180000,0x00000000021c0000)]

Stack: [0x0000000002180000,0x00000000021c0000]
Native frames: (J=compiled Java code, j=interpreted, Vv=VM code, C=native code)
V  [jvm.dll+0x33e5f9]
V  [jvm.dll+0x2850e2]
V  [jvm.dll+0x285d8d]
V  [jvm.dll+0x27c895]
V  [jvm.dll+0x1565d]
V  [jvm.dll+0x3d87f8]
V  [jvm.dll+0x3d94ea]
V  [jvm.dll+0x3d5557]
V  [jvm.dll+0x10c61f]
V  [jvm.dll+0x21a00b]
V  [jvm.dll+0x248687]
V  [jvm.dll+0x172116]
C  [java.exe+0x2312]
C  [java.exe+0x15f64]
C  [kernel32.dll+0x159bd]
C  [ntdll.dll+0x2a671]


---------------  P R O C E S S  ---------------

Java Threads: ( => current thread )

Other Threads:

=>0x00000000004c6000 (exited) JavaThread "Unknown thread" [_thread_in_vm, id=12864, stack(0x0000000002180000,0x00000000021c0000)]

VM state:not at safepoint (normal execution)

VM Mutex/Monitor currently owned by a thread: None

heap address: 0x00000006c1c00000, size: 4068 MB, Compressed Oops mode: Zero based, Oop shift amount: 3
Narrow klass base: 0x0000000000000000, Narrow klass shift: 3
Compressed class space size: 1073741824 Address: 0x00000007c0000000

Heap:
 PSYoungGen      total 179200K, used 3072K [0x00000007b3800000, 0x00000007c0000000, 0x00000007c0000000)
  eden space 153600K, 2% used [0x00000007b3800000,0x00000007b3b00010,0x00000007bce00000)
  from space 25600K, 0% used [0x00000007be700000,0x00000007be700000,0x00000007c0000000)
  to   space 25600K, 0% used [0x00000007bce00000,0x00000007bce00000,0x00000007be700000)
 ParOldGen       total 102400K, used 0K [0x00000006c1c00000, 0x00000006c8000000, 0x00000007b3800000)
  object space 102400K, 0% used [0x00000006c1c00000,0x00000006c1c00000,0x00000006c8000000)
 Metaspace       used 776K, capacity 4480K, committed 4480K, reserved 1056768K
  class space    used 76K, capacity 384K, committed 384K, reserved 1048576K

Card table byte_map: [0x0000000011900000,0x0000000012100000] byte_map_base: 0x000000000e2f2000

Marking Bits: (ParMarkBitMap*) 0x000000006f164fb0
 Begin Bits: [0x0000000012eb0000, 0x0000000016e40000)
 End Bits:   [0x0000000016e40000, 0x000000001add0000)

Polling page: 0x0000000000130000

CodeCache: size=245760Kb used=328Kb max_used=328Kb free=245431Kb
 bounds [0x0000000002540000, 0x00000000027b0000, 0x0000000011540000]
 total_blobs=58 nmethods=0 adapters=38
 compilation: enabled

Compilation events (0 events):
No events

GC Heap History (0 events):
No events

Deoptimization events (0 events):
No events

Classes redefined (0 events):
No events

Internal exceptions (0 events):
No events

Events (10 events):
Event: 0.046 loading class java/lang/Short
Event: 0.046 loading class java/lang/Short done
Event: 0.046 loading class java/lang/Integer
Event: 0.046 loading class java/lang/Integer done
Event: 0.046 loading class java/lang/Long
Event: 0.046 loading class java/lang/Long done
Event: 0.049 loading class java/lang/NullPointerException
Event: 0.049 loading class java/lang/NullPointerException done
Event: 0.049 loading class java/lang/ArithmeticException
Event: 0.049 loading class java/lang/ArithmeticException done


Dynamic libraries:
0x000000013f1f0000 - 0x000000013f237000 	C:\Program Files\Java\jdk1.8.0_261\bin\java.exe
0x0000000077740000 - 0x00000000778e9000 	C:\Windows\SYSTEM32\ntdll.dll
0x0000000077620000 - 0x000000007773f000 	C:\Windows\system32\kernel32.dll
0x000007fefd620000 - 0x000007fefd68b000 	C:\Windows\system32\KERNELBASE.dll
0x000007fefe790000 - 0x000007fefe86b000 	C:\Windows\system32\ADVAPI32.dll
0x000007feff0f0000 - 0x000007feff18f000 	C:\Windows\system32\msvcrt.dll
0x000007feff4f0000 - 0x000007feff50f000 	C:\Windows\SYSTEM32\sechost.dll
0x000007feff1b0000 - 0x000007feff2dd000 	C:\Windows\system32\RPCRT4.dll
0x00000000773e0000 - 0x00000000774da000 	C:\Windows\system32\USER32.dll
0x000007feff5b0000 - 0x000007feff617000 	C:\Windows\system32\GDI32.dll
0x000007feff190000 - 0x000007feff19e000 	C:\Windows\system32\LPK.dll
0x000007feff650000 - 0x000007feff719000 	C:\Windows\system32\USP10.dll
0x000007fefb9e0000 - 0x000007fefbbd4000 	C:\Windows\WinSxS\amd64_microsoft.windows.common-controls_6595b64144ccf1df_6.0.7601.18837_none_fa3b1e3d17594757\COMCTL32.dll
0x000007fefef70000 - 0x000007fefefe1000 	C:\Windows\system32\SHLWAPI.dll
0x000007feff620000 - 0x000007feff64e000 	C:\Windows\system32\IMM32.DLL
0x000007fefe5a0000 - 0x000007fefe6a9000 	C:\Windows\system32\MSCTF.dll
0x000007fef9900000 - 0x000007fef9903000 	C:\Windows\system32\api-ms-win-core-synch-l1-2-0.DLL
0x000007fef6540000 - 0x000007fef6555000 	C:\Program Files\Java\jdk1.8.0_261\jre\bin\vcruntime140.dll
0x000007fef9940000 - 0x000007fef9944000 	C:\Windows\system32\api-ms-win-crt-runtime-l1-1-0.dll
0x000007fef8f70000 - 0x000007fef9062000 	C:\Windows\system32\ucrtbase.DLL
0x000007fef9930000 - 0x000007fef9933000 	C:\Windows\system32\api-ms-win-core-timezone-l1-1-0.dll
0x000007fef9920000 - 0x000007fef9923000 	C:\Windows\system32\api-ms-win-core-file-l2-1-0.dll
0x000007fef9910000 - 0x000007fef9913000 	C:\Windows\system32\api-ms-win-core-localization-l1-2-0.dll
0x000007fef98f0000 - 0x000007fef98f3000 	C:\Windows\system32\api-ms-win-core-processthreads-l1-1-1.dll
0x000007fef98e0000 - 0x000007fef98e3000 	C:\Windows\system32\api-ms-win-core-file-l1-2-0.dll
0x000007fef98d0000 - 0x000007fef98d3000 	C:\Windows\system32\api-ms-win-crt-heap-l1-1-0.dll
0x000007fef98c0000 - 0x000007fef98c4000 	C:\Windows\system32\api-ms-win-crt-string-l1-1-0.dll
0x000007fef98b0000 - 0x000007fef98b4000 	C:\Windows\system32\api-ms-win-crt-stdio-l1-1-0.dll
0x000007fef8f60000 - 0x000007fef8f64000 	C:\Windows\system32\api-ms-win-crt-convert-l1-1-0.dll
0x000007fee32f0000 - 0x000007fee338b000 	C:\Program Files\Java\jdk1.8.0_261\jre\bin\msvcp140.dll
0x000007fef7f00000 - 0x000007fef7f03000 	C:\Windows\system32\api-ms-win-crt-locale-l1-1-0.dll
0x000007fef7ef0000 - 0x000007fef7ef5000 	C:\Windows\system32\api-ms-win-crt-math-l1-1-0.dll
0x000007fef7ee0000 - 0x000007fef7ee3000 	C:\Windows\system32\api-ms-win-crt-filesystem-l1-1-0.dll
0x000007fef7ed0000 - 0x000007fef7ed3000 	C:\Windows\system32\api-ms-win-crt-time-l1-1-0.dll
0x000007fef7ec0000 - 0x000007fef7ec3000 	C:\Windows\system32\api-ms-win-crt-environment-l1-1-0.dll
0x000007fef7eb0000 - 0x000007fef7eb3000 	C:\Windows\system32\api-ms-win-crt-utility-l1-1-0.dll
0x000000006e970000 - 0x000000006f1dc000 	C:\Program Files\Java\jdk1.8.0_261\jre\bin\server\jvm.dll
0x000007fefbd60000 - 0x000007fefbd69000 	C:\Windows\system32\WSOCK32.dll
0x000007fefe6b0000 - 0x000007fefe6fd000 	C:\Windows\system32\WS2_32.dll
0x000007feff1a0000 - 0x000007feff1a8000 	C:\Windows\system32\NSI.dll
0x000007fefd310000 - 0x000007fefd34b000 	C:\Windows\system32\WINMM.dll
0x000007fefcd90000 - 0x000007fefcd9c000 	C:\Windows\system32\VERSION.dll
0x0000000077900000 - 0x0000000077907000 	C:\Windows\system32\PSAPI.DLL
0x000007fef6570000 - 0x000007fef6580000 	C:\Program Files\Java\jdk1.8.0_261\jre\bin\verify.dll
0x000007fef6510000 - 0x000007fef653b000 	C:\Program Files\Java\jdk1.8.0_261\jre\bin\java.dll
0x000007fee47b0000 - 0x000007fee47e2000 	C:\Program Files\Java\jdk1.8.0_261\jre\bin\instrument.dll
0x000007fee47f0000 - 0x000007fee4808000 	C:\Program Files\Java\jdk1.8.0_261\jre\bin\zip.dll
0x000007fef8e30000 - 0x000007fef8f55000 	C:\Windows\system32\dbghelp.dll

VM Arguments:
jvm_args: -Xms200m -Xms300m -Xmn200m -Xss256k -XX:TieredStopAtLevel=1 -Xverify:none -Dspring.output.ansi.enabled=always -Dcom.sun.management.jmxremote -Dspring.jmx.enabled=true -Dspring.liveBeansView.mbeanDomain -Dspring.application.admin.enabled=true -javaagent:D:\IntelliJ IDEA 2019.3.1\lib\idea_rt.jar=53084:D:\IntelliJ IDEA 2019.3.1\bin -Dfile.encoding=UTF-8 
java_command: com.bizzan.er.normal.App
java_class_path (initial): C:\Program Files\Java\jdk1.8.0_261\jre\lib\charsets.jar;C:\Program Files\Java\jdk1.8.0_261\jre\lib\deploy.jar;C:\Program Files\Java\jdk1.8.0_261\jre\lib\ext\access-bridge-64.jar;C:\Program Files\Java\jdk1.8.0_261\jre\lib\ext\cldrdata.jar;C:\Program Files\Java\jdk1.8.0_261\jre\lib\ext\dnsns.jar;C:\Program Files\Java\jdk1.8.0_261\jre\lib\ext\jaccess.jar;C:\Program Files\Java\jdk1.8.0_261\jre\lib\ext\jfxrt.jar;C:\Program Files\Java\jdk1.8.0_261\jre\lib\ext\localedata.jar;C:\Program Files\Java\jdk1.8.0_261\jre\lib\ext\nashorn.jar;C:\Program Files\Java\jdk1.8.0_261\jre\lib\ext\sunec.jar;C:\Program Files\Java\jdk1.8.0_261\jre\lib\ext\sunjce_provider.jar;C:\Program Files\Java\jdk1.8.0_261\jre\lib\ext\sunmscapi.jar;C:\Program Files\Java\jdk1.8.0_261\jre\lib\ext\sunpkcs11.jar;C:\Program Files\Java\jdk1.8.0_261\jre\lib\ext\zipfs.jar;C:\Program Files\Java\jdk1.8.0_261\jre\lib\javaws.jar;C:\Program Files\Java\jdk1.8.0_261\jre\lib\jce.jar;C:\Program Files\Java\jdk1.8.0_261\jre\lib\jfr.jar;C:\Program Files\Java\jdk1.8.0_261\jre\lib\jfxswt.jar;C:\Program Files\Java\jdk1.8.0_261\jre\lib\jsse.jar;C:\Program Files\Java\jdk1.8.0_261\jre\lib\management-agent.jar;C:\Program Files\Java\jdk1.8.0_261\jre\lib\plugin.jar;C:\Program Files\Java\jdk1.8.0_261\jre\lib\resources.jar;C:\Program Files\Java\jdk1.8.0_261\jre\lib\rt.jar;D:\projects\CoinExchange\bizzan_exchange_robot_new\er_robot\target\classes;D:\maven\org\springframework\boot\spring-boot-starter-web\1.5.9.RELEASE\spring-boot-starter-web-1.5.9.RELEASE.jar;D:\maven\org\springframework\boot\spring-boot-starter\1.5.9.RELEASE\spring-boot-starter-1.5.9.RELEASE.jar;D:\maven\org\springframework\boot\spring-boot\1.5.9.RELEASE\spring-boot-1.5.9.RELEASE.jar;D:\maven\org\springframework\boot\spring-boot-autoconfigure\1.5.9.RELEASE\spring-boot-autoconfigure-1.5.9.RELEASE.jar;D:\maven\org\springframework\boot\spring-boot-starter-logging\1.5.9.RELEASE\spring-boot-starter-logging-1.5.9.RELEASE.jar;D:\maven\ch\qos\logback\
Launcher Type: SUN_STANDARD

Environment Variables:
JAVA_HOME=C:\Program Files\Java\jdk-12.0.1
CLASSPATH=C:\Program Files\Java\jdk-12.0.1/lib;
PATH=C:\Program Files (x86)\Common Files\Oracle\Java\javapath;C:\Program Files (x86)\NetSarang\Xshell 6\;C:\Windows\system32;C:\Windows;C:\Windows\System32\Wbem;C:\Windows\System32\WindowsPowerShell\v1.0\;%MAVEN_HOME%\bin;%JAVA_HOME%\bin;C:\Program Files\Git\cmd;C:\Program Files\nodejs\;C:\Program Files (x86)\Bitvise SSH Client;C:\Program Files\nodejs;%MYSQL_HOME%\bin;C:\Program Files\Java\jdk-12.0.1\bin;C:\Users\Administrator\AppData\Roaming\npm;D:\Microsoft VS Code\bin;D:\IntelliJ IDEA 2019.3.1\bin;;C:\xampp\php;
USERNAME=Administrator
OS=Windows_NT
PROCESSOR_IDENTIFIER=Intel64 Family 6 Model 58 Stepping 9, GenuineIntel



---------------  S Y S T E M  ---------------

OS: Windows 7 , 64 bit Build 7601 (6.1.7601.22843)

CPU:total 4 (initial active 4) (2 cores per cpu, 2 threads per core) family 6 model 58 stepping 9, cmov, cx8, fxsr, mmx, sse, sse2, sse3, ssse3, sse4.1, sse4.2, popcnt, avx, clmul, erms, ht, tsc, tscinvbit, tscinv

Memory: 4k page, physical 16661348k(4974048k free), swap 16659488k(4924k free)

vm_info: Java HotSpot(TM) 64-Bit Server VM (25.261-b12) for windows-amd64 JRE (1.8.0_261-b12), built on Jun 18 2020 06:56:32 by "" with unknown MS VC++:1916

time: Mon Jul 27 13:41:53 2020
timezone: ?D1¨²¡À¨º¡Á?¨º¡À??
elapsed time: 0 seconds (0d 0h 0m 0s)

